<?xml version="1.0" encoding="UTF-8"?>
<!-- Generated by org.testng.reporters.JUnitXMLReporter -->
<testsuite hostname="DESKTOP-L8973B7" ignored="0" name="Test" tests="5" failures="4" timestamp="18 Jun 2020 14:53:31 GMT" time="59.324" errors="0">
  <testcase name="validatetingWithInValidCridential" time="13.918" classname="com.bridgelabz.testcases.TC_AdminLogin_01">
    <failure type="java.lang.AssertionError" message="expected [true] but found [false]">
      <![CDATA[java.lang.AssertionError: expected [true] but found [false]
at com.bridgelabz.testcases.TC_AdminLogin_01.adminLogin(TC_AdminLogin_01.java:76)
at com.bridgelabz.testcases.TC_AdminLogin_01.validatetingWithInValidCridential(TC_AdminLogin_01.java:25)
... Removed 29 stack frames]]>
    </failure>
  </testcase> <!-- validatetingWithInValidCridential -->
  <testcase name="validatetingWithInValidEmail" time="9.764" classname="com.bridgelabz.testcases.TC_AdminLogin_01">
    <failure type="java.lang.AssertionError" message="expected [true] but found [false]">
      <![CDATA[java.lang.AssertionError: expected [true] but found [false]
at com.bridgelabz.testcases.TC_AdminLogin_01.adminLogin(TC_AdminLogin_01.java:76)
at com.bridgelabz.testcases.TC_AdminLogin_01.validatetingWithInValidEmail(TC_AdminLogin_01.java:33)
... Removed 29 stack frames]]>
    </failure>
  </testcase> <!-- validatetingWithInValidEmail -->
  <testcase name="validatetingWithIvalidFormatedOfEmailAndPassword" time="0.929" classname="com.bridgelabz.testcases.TC_AdminLogin_01">
    <failure type="java.lang.IllegalArgumentException" message="Keys to send should be a not null CharSequence">
      <![CDATA[java.lang.IllegalArgumentException: Keys to send should be a not null CharSequence
at org.openqa.selenium.remote.RemoteWebElement.sendKeys(RemoteWebElement.java:97)
at org.openqa.selenium.support.pagefactory.internal.LocatingElementHandler.invoke(LocatingElementHandler.java:51)
at com.sun.proxy.$Proxy11.sendKeys(Unknown Source)
at com.bridgelabz.pageObjects.UserLogin.setEmailAddress(UserLogin.java:34)
at com.bridgelabz.testcases.TC_AdminLogin_01.adminLogin(TC_AdminLogin_01.java:58)
at com.bridgelabz.testcases.TC_AdminLogin_01.validatetingWithIvalidFormatedOfEmailAndPassword(TC_AdminLogin_01.java:49)
... Removed 29 stack frames]]>
    </failure>
  </testcase> <!-- validatetingWithIvalidFormatedOfEmailAndPassword -->
  <testcase name="validatetingWithValidCridential" time="12.531" classname="com.bridgelabz.testcases.TC_AdminLogin_01"/>
  <testcase name="validatetingWithValidEmailButInvalidPassword" time="11.157" classname="com.bridgelabz.testcases.TC_AdminLogin_01">
    <failure type="java.lang.AssertionError" message="expected [true] but found [false]">
      <![CDATA[java.lang.AssertionError: expected [true] but found [false]
at com.bridgelabz.testcases.TC_AdminLogin_01.adminLogin(TC_AdminLogin_01.java:76)
at com.bridgelabz.testcases.TC_AdminLogin_01.validatetingWithValidEmailButInvalidPassword(TC_AdminLogin_01.java:41)
... Removed 29 stack frames]]>
    </failure>
  </testcase> <!-- validatetingWithValidEmailButInvalidPassword -->
</testsuite> <!-- Test -->
